<?xml version="1.0" encoding="UTF-8"?>
<testsuite name="HLogTest" tests="1" skipped="0" failures="0" errors="0" timestamp="2023-01-08T18:02:01" hostname="LAPTOP-GPPGUUFS" time="0.055">
  <properties/>
  <testcase name="hInfo()" classname="HLogTest" time="0.055"/>
  <system-out><![CDATA[[2023-01-09 03:02:01.204  H-LOG INFO]  ---  Test HLog for build integer: 1, decimal: 1.313, string: h-log test, boolean: true
]]></system-out>
  <system-err><![CDATA[]]></system-err>
</testsuite>
